[23:56:07] [main/DEBUG] [FML/]: Injecting tracing printstreams for STDOUT/STDERR.
[23:56:08] [main/INFO] [FML/]: Forge Mod Loader version 13.20.0.2226 for Minecraft 1.11.2 loading
[23:56:08] [main/INFO] [FML/]: Java is OpenJDK 64-Bit Server VM, version 1.7.0_121, running on Linux:amd64:4.8.2-c9, installed at /usr/lib/jvm/java-7-openjdk-amd64/jre
[23:56:08] [main/DEBUG] [FML/]: Java classpath at launch is forge.jar
[23:56:08] [main/DEBUG] [FML/]: Java library path at launch is ~/.c9/local/lib:/usr/java/packages/lib/amd64:/usr/lib/x86_64-linux-gnu/jni:/lib/x86_64-linux-gnu:/usr/lib/x86_64-linux-gnu:/usr/lib/jni:/lib:/usr/lib
[23:56:08] [main/DEBUG] [FML/]: Enabling runtime deobfuscation
[23:56:08] [main/DEBUG] [FML/]: Instantiating coremod class FMLCorePlugin
[23:56:08] [main/DEBUG] [FML/]: Added access transformer class net.minecraftforge.fml.common.asm.transformers.AccessTransformer to enqueued access transformers
[23:56:08] [main/DEBUG] [FML/]: Enqueued coremod FMLCorePlugin
[23:56:08] [main/DEBUG] [FML/]: Instantiating coremod class FMLForgePlugin
[23:56:08] [main/DEBUG] [FML/]: Enqueued coremod FMLForgePlugin
[23:56:08] [main/DEBUG] [FML/]: All fundamental core mods are successfully located
[23:56:08] [main/DEBUG] [FML/]: Attempting to load commandline specified mods, relative to /home/ubuntu/workspace/git/make-Linux-happy/blah/.
[23:56:08] [main/DEBUG] [FML/]: Adding net.minecraftforge:MercuriusUpdater (/home/ubuntu/workspace/git/make-Linux-happy/blah/./libraries/net/minecraftforge/MercuriusUpdater/1.11/MercuriusUpdater-1.11.jar) to the mod list
[23:56:08] [main/DEBUG] [FML/]: Discovering coremods
[23:56:08] [main/DEBUG] [FML/]: Examining for coremod candidacy MercuriusUpdater-1.11.jar
[23:56:08] [main/DEBUG] [FML/]: Not found coremod data in MercuriusUpdater-1.11.jar
[23:56:08] [main/INFO] [LaunchWrapper/]: Loading tweak class name net.minecraftforge.fml.common.launcher.FMLInjectionAndSortingTweaker
[23:56:08] [main/INFO] [LaunchWrapper/]: Loading tweak class name net.minecraftforge.fml.common.launcher.FMLDeobfTweaker
[23:56:08] [main/INFO] [LaunchWrapper/]: Calling tweak class net.minecraftforge.fml.common.launcher.FMLInjectionAndSortingTweaker
[23:56:08] [main/INFO] [LaunchWrapper/]: Calling tweak class net.minecraftforge.fml.common.launcher.FMLInjectionAndSortingTweaker
[23:56:08] [main/INFO] [LaunchWrapper/]: Calling tweak class net.minecraftforge.fml.relauncher.CoreModManager$FMLPluginWrapper
[23:56:08] [main/DEBUG] [FML/]: Injecting coremod FMLCorePlugin {net.minecraftforge.fml.relauncher.FMLCorePlugin} class transformers
[23:56:08] [main/TRACE] [FML/]: Registering transformer net.minecraftforge.fml.common.asm.transformers.BlamingTransformer
[23:56:08] [main/TRACE] [FML/]: Registering transformer net.minecraftforge.fml.common.asm.transformers.SideTransformer
[23:56:08] [main/TRACE] [FML/]: Registering transformer net.minecraftforge.fml.common.asm.transformers.EventSubscriptionTransformer
[23:56:08] [main/TRACE] [FML/]: Registering transformer net.minecraftforge.fml.common.asm.transformers.EventSubscriberTransformer
[23:56:08] [main/DEBUG] [FML/]: Injection complete
[23:56:08] [main/DEBUG] [FML/]: Running coremod plugin for FMLCorePlugin {net.minecraftforge.fml.relauncher.FMLCorePlugin}
[23:56:08] [main/DEBUG] [FML/]: Running coremod plugin FMLCorePlugin
[23:56:09] [main/DEBUG] [FML/]: Read 948 binary patches
[23:56:09] [main/DEBUG] [FML/]: Loading deobfuscation resource /deobfuscation_data-1.11.2.lzma with 33539 records
[23:56:11] [main/INFO] [FML/]: Found valid fingerprint for Minecraft Forge. Certificate fingerprint e3c3d50c7c986df74c645c0ac54639741c90a557
[23:56:11] [main/DEBUG] [FML/]: Coremod plugin class FMLCorePlugin run successfully
[23:56:11] [main/INFO] [LaunchWrapper/]: Calling tweak class net.minecraftforge.fml.relauncher.CoreModManager$FMLPluginWrapper
[23:56:11] [main/DEBUG] [FML/]: Injecting coremod FMLForgePlugin {net.minecraftforge.classloading.FMLForgePlugin} class transformers
[23:56:11] [main/DEBUG] [FML/]: Injection complete
[23:56:11] [main/DEBUG] [FML/]: Running coremod plugin for FMLForgePlugin {net.minecraftforge.classloading.FMLForgePlugin}
[23:56:11] [main/DEBUG] [FML/]: Running coremod plugin FMLForgePlugin
[23:56:11] [main/DEBUG] [FML/]: Coremod plugin class FMLForgePlugin run successfully
[23:56:11] [main/INFO] [LaunchWrapper/]: Calling tweak class net.minecraftforge.fml.common.launcher.FMLDeobfTweaker
[23:56:11] [main/DEBUG] [FML/]: Loaded 190 rules from AccessTransformer config file forge_at.cfg
[23:56:11] [main/DEBUG] [FML/]: Validating minecraft
[23:56:11] [main/ERROR] [FML/]: The game is not running with Java 8. Forge recommends Java 8 for maximum compatibility with mods
[23:56:14] [main/DEBUG] [FML/]: Minecraft validated, launching...
[23:56:14] [main/INFO] [LaunchWrapper/]: Loading tweak class name net.minecraftforge.fml.common.launcher.TerminalTweaker
[23:56:14] [main/INFO] [LaunchWrapper/]: Calling tweak class net.minecraftforge.fml.common.launcher.TerminalTweaker
[23:56:16] [main/INFO] [LaunchWrapper/]: Launching wrapped minecraft {net.minecraft.server.MinecraftServer}
